#
# A fatal error has been detected by the Java Runtime Environment:
#
#  Internal Error (javaCalls.cpp:35), pid=5288, tid=5324
#  guarantee(thread->is_Java_thread()) failed: crucial check - the VM thread cannot and must not escape to Java code
#
# JRE version: 6.0_24-b07
# Java VM: Java HotSpot(TM) Client VM (19.1-b02 mixed mode windows-x86 )
# If you would like to submit a bug report, please visit:
#   http://java.sun.com/webapps/bugreport/crash.jsp
#

---------------  T H R E A D  ---------------

Current thread (0x16b92000):  VMThread [stack: 0x16c20000,0x16c70000] [id=5324]

Stack: [0x16c20000,0x16c70000],  sp=0x16c6f6c0,  free space=317k
Native frames: (J=compiled Java code, j=interpreted, Vv=VM code, C=native code)
V  [jvm.dll+0x1fa487]
V  [jvm.dll+0xa32dc]
V  [jvm.dll+0xf034c]
V  [jvm.dll+0xf0a80]
V  [jvm.dll+0x1837d1]
V  [jvm.dll+0xf0dfa]
V  [jvm.dll+0xae479]
V  [jvm.dll+0xae5fc]
V  [jvm.dll+0xae645]
V  [jvm.dll+0xcc073]
V  [jvm.dll+0xcc64e]
V  [jvm.dll+0xcd949]
V  [jvm.dll+0xce49c]
V  [jvm.dll+0xce6e8]
V  [jvm.dll+0xce745]
V  [jvm.dll+0x17cc4b]
V  [jvm.dll+0x17cedd]
V  [jvm.dll+0x17d25b]
V  [jvm.dll+0xd9fe6]
V  [jvm.dll+0x16dc17]
V  [jvm.dll+0x1f61ea]
V  [jvm.dll+0x142dc5]
V  [jvm.dll+0x1fd903]
V  [jvm.dll+0x1fcbde]
V  [jvm.dll+0x1fcf00]
V  [jvm.dll+0x1fd302]
V  [jvm.dll+0x18317c]
C  [msvcr71.dll+0x9565]
C  [kernel32.dll+0xb729]

VM_Operation (0x16ecf9f4): GetOrSetLocal, mode: safepoint, requested by thread 0x16bbb800


---------------  P R O C E S S  ---------------

Java Threads: ( => current thread )
  0x16bd1c00 JavaThread "Low Memory Detector" daemon [_thread_blocked, id=4684, stack(0x16fc0000,0x17010000)]
  0x16bc3400 JavaThread "CompilerThread0" daemon [_thread_blocked, id=2644, stack(0x16f70000,0x16fc0000)]
  0x16bbf800 JavaThread "JDWP Command Reader" daemon [_thread_in_native, id=1816, stack(0x16f20000,0x16f70000)]
  0x16bbe000 JavaThread "JDWP Event Helper Thread" daemon [_thread_blocked, id=4044, stack(0x16ed0000,0x16f20000)]
  0x16bbb800 JavaThread "JDWP Transport Listener: dt_socket" daemon [_thread_blocked, id=1124, stack(0x16e80000,0x16ed0000)]
  0x16bac400 JavaThread "Attach Listener" daemon [_thread_blocked, id=2288, stack(0x16d60000,0x16db0000)]
  0x16bc4c00 JavaThread "Signal Dispatcher" daemon [_thread_blocked, id=1628, stack(0x16d10000,0x16d60000)]
  0x16b9a800 JavaThread "Finalizer" daemon [_thread_blocked, id=4300, stack(0x16cc0000,0x16d10000)]
  0x16b95c00 JavaThread "Reference Handler" daemon [_thread_blocked, id=4692, stack(0x16c70000,0x16cc0000)]
  0x00847800 JavaThread "main" [_thread_blocked, id=5220, stack(0x008e0000,0x00930000)]

Other Threads:
=>0x16b92000 VMThread [stack: 0x16c20000,0x16c70000] [id=5324]
  0x16be4400 WatcherThread [stack: 0x17010000,0x17060000] [id=4916]

VM state:at safepoint (normal execution)

VM Mutex/Monitor currently owned by a thread:  ([mutex/lock_event])
[0x008467b0] Threads_lock - owner thread: 0x16b92000

Heap
 def new generation   total 4928K, used 3893K [0x029e0000, 0x02f30000, 0x07f30000)
  eden space 4416K,  76% used [0x029e0000, 0x02d2d798, 0x02e30000)
  from space 512K, 100% used [0x02e30000, 0x02eb0000, 0x02eb0000)
  to   space 512K,   0% used [0x02eb0000, 0x02eb0000, 0x02f30000)
 tenured generation   total 10944K, used 3720K [0x07f30000, 0x089e0000, 0x129e0000)
   the space 10944K,  33% used [0x07f30000, 0x082d22a8, 0x082d2400, 0x089e0000)
 compacting perm gen  total 12288K, used 10024K [0x129e0000, 0x135e0000, 0x169e0000)
   the space 12288K,  81% used [0x129e0000, 0x133aa338, 0x133aa400, 0x135e0000)
No shared spaces configured.

Dynamic libraries:
0x00400000 - 0x00424000 	C:\Program Files\Java\jre6\bin\javaw.exe
0x7c920000 - 0x7c9b7000 	C:\WINDOWS\system32\ntdll.dll
0x7c800000 - 0x7c91f000 	C:\WINDOWS\system32\kernel32.dll
0x77da0000 - 0x77e47000 	C:\WINDOWS\system32\ADVAPI32.dll
0x77e50000 - 0x77ee3000 	C:\WINDOWS\system32\RPCRT4.dll
0x77fc0000 - 0x77fd1000 	C:\WINDOWS\system32\Secur32.dll
0x77d10000 - 0x77d9f000 	C:\WINDOWS\system32\USER32.dll
0x77ef0000 - 0x77f39000 	C:\WINDOWS\system32\GDI32.dll
0x76300000 - 0x7631d000 	C:\WINDOWS\system32\IMM32.DLL
0x621f0000 - 0x621f9000 	C:\WINDOWS\system32\LPK.DLL
0x73fa0000 - 0x7400b000 	C:\WINDOWS\system32\USP10.dll
0x7c340000 - 0x7c396000 	C:\Program Files\Java\jre6\bin\msvcr71.dll
0x6d7f0000 - 0x6da96000 	C:\Program Files\Java\jre6\bin\client\jvm.dll
0x76b10000 - 0x76b3a000 	C:\WINDOWS\system32\WINMM.dll
0x6d7a0000 - 0x6d7ac000 	C:\Program Files\Java\jre6\bin\verify.dll
0x6d320000 - 0x6d33f000 	C:\Program Files\Java\jre6\bin\java.dll
0x6d280000 - 0x6d288000 	C:\Program Files\Java\jre6\bin\hpi.dll
0x76bc0000 - 0x76bcb000 	C:\WINDOWS\system32\PSAPI.DLL
0x6d370000 - 0x6d399000 	C:\Program Files\Java\jre6\bin\jdwp.dll
0x6d690000 - 0x6d696000 	C:\Program Files\Java\jre6\bin\npt.dll
0x6d7e0000 - 0x6d7ef000 	C:\Program Files\Java\jre6\bin\zip.dll
0x6d200000 - 0x6d207000 	C:\Program Files\Java\jre6\bin\dt_socket.dll
0x71a10000 - 0x71a27000 	C:\WINDOWS\system32\WS2_32.dll
0x77be0000 - 0x77c38000 	C:\WINDOWS\system32\msvcrt.dll
0x71a00000 - 0x71a08000 	C:\WINDOWS\system32\WS2HELP.dll
0x719b0000 - 0x719ee000 	C:\WINDOWS\System32\mswsock.dll
0x76ef0000 - 0x76f17000 	C:\WINDOWS\system32\DNSAPI.dll
0x76d30000 - 0x76d48000 	C:\WINDOWS\system32\iphlpapi.dll
0x76f80000 - 0x76f88000 	C:\WINDOWS\System32\winrnr.dll
0x76f30000 - 0x76f5c000 	C:\WINDOWS\system32\WLDAP32.dll
0x74cc0000 - 0x74cde000 	C:\WINDOWS\system32\wshbth.dll
0x76060000 - 0x761b6000 	C:\WINDOWS\system32\SETUPAPI.dll
0x64000000 - 0x64021000 	C:\Program Files\Bonjour\mdnsNSP.dll
0x76f90000 - 0x76f96000 	C:\WINDOWS\system32\rasadhlp.dll
0x605b0000 - 0x60605000 	C:\WINDOWS\system32\hnetcfg.dll
0x719f0000 - 0x719f8000 	C:\WINDOWS\System32\wshtcpip.dll

VM Arguments:
jvm_args: -agentlib:jdwp=transport=dt_socket,suspend=y,address=localhost:6901 
java_command: StarChineseChannelCalanderReader
Launcher Type: SUN_STANDARD

Environment Variables:
JAVA_HOME=C:\Program Files\Java\jdk1.6.0_14
CLASSPATH=.;.;C:\PROGRA~1\JMF21~1.1E\lib\sound.jar;C:\PROGRA~1\JMF21~1.1E\lib\jmf.jar;C:\PROGRA~1\JMF21~1.1E\lib;
PATH=C:\Program Files\Common Files\Microsoft Shared\Windows Live;C:\WINDOWS\system32;C:\WINDOWS;C:\WINDOWS\System32\Wbem;C:\CUDA\bin;C:\Program Files\TortoiseSVN\bin;C:\Program Files\Java\jdk1.6.0_14\bin;C:\Program Files\K-Lite Codec Pack\QuickTime\QTSystem\;C:\Program Files\Common Files\Microsoft Shared\Windows Live
USERNAME=Li-Hsien Hsiao
OS=Windows_NT
PROCESSOR_IDENTIFIER=x86 Family 6 Model 23 Stepping 6, GenuineIntel



---------------  S Y S T E M  ---------------

OS: Windows XP Build 2600 Service Pack 3

CPU:total 2 (2 cores per cpu, 1 threads per core) family 6 model 23 stepping 6, cmov, cx8, fxsr, mmx, sse, sse2, sse3, ssse3, sse4.1

Memory: 4k page, physical 2858980k(729604k free), swap 4791204k(2447956k free)

vm_info: Java HotSpot(TM) Client VM (19.1-b02) for windows-x86 JRE (1.6.0_24-b07), built on Feb  2 2011 17:44:41 by "java_re" with MS VC++ 7.1 (VS2003)

time: Thu Jul 12 23:47:03 2012
elapsed time: 69 seconds

