#
# A fatal error has been detected by the Java Runtime Environment:
#
#  EXCEPTION_ACCESS_VIOLATION (0xc0000005) at pc=0x6d9a3a26, pid=39596, tid=39844
#
# JRE version: 6.0_24-b07
# Java VM: Java HotSpot(TM) Client VM (19.1-b02 mixed mode windows-x86 )
# Problematic frame:
# V  [jvm.dll+0x1b3a26]
#
# If you would like to submit a bug report, please visit:
#   http://java.sun.com/webapps/bugreport/crash.jsp
#

---------------  T H R E A D  ---------------

Current thread (0x26c62000):  VMThread [stack: 0x26cf0000,0x26d40000] [id=39844]

siginfo: ExceptionCode=0xc0000005, reading address 0x00000000

Registers:
EAX=0x00000000, EBX=0x26d3fadc, ECX=0x26d3f9a4, EDX=0x00000000
ESP=0x26d3f47c, EBP=0x26d3f580, ESI=0x26d3f9a4, EDI=0x00000000
EIP=0x6d9a3a26, EFLAGS=0x00010202

Register to memory mapping:

EAX=0x00000000
0x00000000 is pointing to unknown location

EBX=0x26d3fadc
0x26d3fadc is pointing to unknown location

ECX=0x26d3f9a4
0x26d3f9a4 is pointing to unknown location

EDX=0x00000000
0x00000000 is pointing to unknown location

ESP=0x26d3f47c
0x26d3f47c is pointing to unknown location

EBP=0x26d3f580
0x26d3f580 is pointing to unknown location

ESI=0x26d3f9a4
0x26d3f9a4 is pointing to unknown location

EDI=0x00000000
0x00000000 is pointing to unknown location


Top of Stack: (sp=0x26d3f47c)
0x26d3f47c:   26d3fadc 0092f2c4 0092f2c0 0092f2bc
0x26d3f48c:   0092f2b8 0092f2ac 0092f2a8 00000000
0x26d3f49c:   00000000 00000000 00000000 00000000
0x26d3f4ac:   00000000 00000000 00000000 00000000
0x26d3f4bc:   00000000 26d3fa18 6d9a32a5 00000002
0x26d3f4cc:   00000023 00000000 26d3fa18 00000029
0x26d3f4dc:   26d3fa18 26d3f5f4 6d9a37a7 00000000
0x26d3f4ec:   26d3fadc 26d3fadc 00000000 00000000 

Instructions: (pc=0x6d9a3a26)
0x6d9a3a16:   01 00 00 56 8b f1 8b 46 04 c7 46 08 00 00 00 00
0x6d9a3a26:   8b 08 80 79 0a 28 74 24 6a 28 8d 95 00 ff ff ff 


Stack: [0x26cf0000,0x26d40000],  sp=0x26d3f47c,  free space=317k
Native frames: (J=compiled Java code, j=interpreted, Vv=VM code, C=native code)
V  [jvm.dll+0x1b3a26]
V  [jvm.dll+0xcce62]
V  [jvm.dll+0xcde58]
V  [jvm.dll+0xce4d4]
V  [jvm.dll+0xce6e8]
V  [jvm.dll+0xce745]
V  [jvm.dll+0x17cc4b]
V  [jvm.dll+0x17cedd]
V  [jvm.dll+0x17d25b]
V  [jvm.dll+0xd9fe6]
V  [jvm.dll+0x16dc17]
V  [jvm.dll+0x1f61ea]
V  [jvm.dll+0x142dc5]
V  [jvm.dll+0x1fd903]
V  [jvm.dll+0x1fcbde]
V  [jvm.dll+0x1fcf00]
V  [jvm.dll+0x1fd302]
V  [jvm.dll+0x18317c]
C  [msvcr71.dll+0x9565]
C  [kernel32.dll+0xb729]

VM_Operation (0x26f9fbf4): GetOrSetLocal, mode: safepoint, requested by thread 0x26c8b800


---------------  P R O C E S S  ---------------

Java Threads: ( => current thread )
  0x26ca8c00 JavaThread "Low Memory Detector" daemon [_thread_blocked, id=39196, stack(0x27090000,0x270e0000)]
  0x26c92400 JavaThread "CompilerThread0" daemon [_thread_blocked, id=39200, stack(0x27040000,0x27090000)]
  0x26c8f800 JavaThread "JDWP Command Reader" daemon [_thread_in_native, id=39192, stack(0x26ff0000,0x27040000)]
  0x26c8e000 JavaThread "JDWP Event Helper Thread" daemon [_thread_blocked, id=39180, stack(0x26fa0000,0x26ff0000)]
  0x26c8b800 JavaThread "JDWP Transport Listener: dt_socket" daemon [_thread_blocked, id=39172, stack(0x26f50000,0x26fa0000)]
  0x26c7c400 JavaThread "Attach Listener" daemon [_thread_blocked, id=40860, stack(0x26e30000,0x26e80000)]
  0x26c94c00 JavaThread "Signal Dispatcher" daemon [_thread_blocked, id=40840, stack(0x26de0000,0x26e30000)]
  0x26c6a800 JavaThread "Finalizer" daemon [_thread_blocked, id=39980, stack(0x26d90000,0x26de0000)]
  0x26c65c00 JavaThread "Reference Handler" daemon [_thread_blocked, id=39976, stack(0x26d40000,0x26d90000)]
  0x003e7800 JavaThread "main" [_thread_blocked, id=39700, stack(0x008e0000,0x00930000)]

Other Threads:
=>0x26c62000 VMThread [stack: 0x26cf0000,0x26d40000] [id=39844]
  0x26caac00 WatcherThread [stack: 0x270e0000,0x27130000] [id=39208]

VM state:at safepoint (normal execution)

VM Mutex/Monitor currently owned by a thread:  ([mutex/lock_event])
[0x003e67c0] Threads_lock - owner thread: 0x26c62000

Heap
 def new generation   total 78656K, used 41387K [0x029e0000, 0x07f30000, 0x0d480000)
  eden space 69952K,  59% used [0x029e0000, 0x0524af60, 0x06e30000)
  from space 8704K,   0% used [0x06e30000, 0x06e30000, 0x076b0000)
  to   space 8704K,   0% used [0x076b0000, 0x076b0000, 0x07f30000)
 tenured generation   total 174784K, used 0K [0x0d480000, 0x17f30000, 0x229e0000)
   the space 174784K,   0% used [0x0d480000, 0x0d480000, 0x0d480200, 0x17f30000)
 compacting perm gen  total 12288K, used 10292K [0x229e0000, 0x235e0000, 0x269e0000)
   the space 12288K,  83% used [0x229e0000, 0x233ed2a0, 0x233ed400, 0x235e0000)
No shared spaces configured.

Dynamic libraries:
0x00400000 - 0x00424000 	C:\Program Files\Java\jre6\bin\javaw.exe
0x7c920000 - 0x7c9b7000 	C:\WINDOWS\system32\ntdll.dll
0x7c800000 - 0x7c91f000 	C:\WINDOWS\system32\kernel32.dll
0x77da0000 - 0x77e47000 	C:\WINDOWS\system32\ADVAPI32.dll
0x77e50000 - 0x77ee3000 	C:\WINDOWS\system32\RPCRT4.dll
0x77fc0000 - 0x77fd1000 	C:\WINDOWS\system32\Secur32.dll
0x77d10000 - 0x77d9f000 	C:\WINDOWS\system32\USER32.dll
0x77ef0000 - 0x77f39000 	C:\WINDOWS\system32\GDI32.dll
0x76300000 - 0x7631d000 	C:\WINDOWS\system32\IMM32.DLL
0x621f0000 - 0x621f9000 	C:\WINDOWS\system32\LPK.DLL
0x73fa0000 - 0x7400b000 	C:\WINDOWS\system32\USP10.dll
0x7c340000 - 0x7c396000 	C:\Program Files\Java\jre6\bin\msvcr71.dll
0x6d7f0000 - 0x6da96000 	C:\Program Files\Java\jre6\bin\client\jvm.dll
0x76b10000 - 0x76b3a000 	C:\WINDOWS\system32\WINMM.dll
0x6d7a0000 - 0x6d7ac000 	C:\Program Files\Java\jre6\bin\verify.dll
0x6d320000 - 0x6d33f000 	C:\Program Files\Java\jre6\bin\java.dll
0x6d280000 - 0x6d288000 	C:\Program Files\Java\jre6\bin\hpi.dll
0x76bc0000 - 0x76bcb000 	C:\WINDOWS\system32\PSAPI.DLL
0x6d370000 - 0x6d399000 	C:\Program Files\Java\jre6\bin\jdwp.dll
0x6d690000 - 0x6d696000 	C:\Program Files\Java\jre6\bin\npt.dll
0x6d7e0000 - 0x6d7ef000 	C:\Program Files\Java\jre6\bin\zip.dll
0x6d200000 - 0x6d207000 	C:\Program Files\Java\jre6\bin\dt_socket.dll
0x71a10000 - 0x71a27000 	C:\WINDOWS\system32\WS2_32.dll
0x77be0000 - 0x77c38000 	C:\WINDOWS\system32\msvcrt.dll
0x71a00000 - 0x71a08000 	C:\WINDOWS\system32\WS2HELP.dll
0x719b0000 - 0x719ee000 	C:\WINDOWS\System32\mswsock.dll
0x76ef0000 - 0x76f17000 	C:\WINDOWS\system32\DNSAPI.dll
0x76d30000 - 0x76d48000 	C:\WINDOWS\system32\iphlpapi.dll
0x76f80000 - 0x76f88000 	C:\WINDOWS\System32\winrnr.dll
0x76f30000 - 0x76f5c000 	C:\WINDOWS\system32\WLDAP32.dll
0x74cc0000 - 0x74cde000 	C:\WINDOWS\system32\wshbth.dll
0x76060000 - 0x761b6000 	C:\WINDOWS\system32\SETUPAPI.dll
0x64000000 - 0x64021000 	C:\Program Files\Bonjour\mdnsNSP.dll
0x76f90000 - 0x76f96000 	C:\WINDOWS\system32\rasadhlp.dll
0x605b0000 - 0x60605000 	C:\WINDOWS\system32\hnetcfg.dll
0x719f0000 - 0x719f8000 	C:\WINDOWS\System32\wshtcpip.dll

VM Arguments:
jvm_args: -Xms256m -Xmx512m -agentlib:jdwp=transport=dt_socket,suspend=y,address=localhost:3271 
java_command: XLS2TXT
Launcher Type: SUN_STANDARD

Environment Variables:
JAVA_HOME=C:\Program Files\Java\jdk1.6.0_14
CLASSPATH=.;.;C:\PROGRA~1\JMF21~1.1E\lib\sound.jar;C:\PROGRA~1\JMF21~1.1E\lib\jmf.jar;C:\PROGRA~1\JMF21~1.1E\lib;
PATH=C:\Program Files\Common Files\Microsoft Shared\Windows Live;C:\WINDOWS\system32;C:\WINDOWS;C:\WINDOWS\System32\Wbem;C:\CUDA\bin;C:\Program Files\TortoiseSVN\bin;C:\Program Files\Java\jdk1.6.0_14\bin;C:\Program Files\K-Lite Codec Pack\QuickTime\QTSystem\;C:\Program Files\Common Files\Microsoft Shared\Windows Live
USERNAME=Li-Hsien Hsiao
OS=Windows_NT
PROCESSOR_IDENTIFIER=x86 Family 6 Model 23 Stepping 6, GenuineIntel



---------------  S Y S T E M  ---------------

OS: Windows XP Build 2600 Service Pack 3

CPU:total 2 (2 cores per cpu, 1 threads per core) family 6 model 23 stepping 6, cmov, cx8, fxsr, mmx, sse, sse2, sse3, ssse3, sse4.1

Memory: 4k page, physical 2858980k(766644k free), swap 4791204k(1821408k free)

vm_info: Java HotSpot(TM) Client VM (19.1-b02) for windows-x86 JRE (1.6.0_24-b07), built on Feb  2 2011 17:44:41 by "java_re" with MS VC++ 7.1 (VS2003)

time: Sun Jul 01 23:46:57 2012
elapsed time: 498 seconds

